
> @famgia/omnify-typescript@0.0.148 build /Users/f.satoshi/Herd/omnify-ts/packages/omnify-plugin-typescript-generator
> tsup

CLI Building entry: src/index.ts, src/plugin.ts
CLI Using tsconfig: tsconfig.json
CLI tsup v8.5.1
CLI Using tsup config: /Users/f.satoshi/Herd/omnify-ts/packages/omnify-plugin-typescript-generator/tsup.config.ts
CLI Target: es2022
CLI Cleaning output folder
ESM Build start
CJS Build start

 WARN  [33m▲ [43;33m[[43;30mWARNING[43;33m][0m [1m"import.meta" is not available with the "cjs" output format and will be empty[0m [empty-import-meta]

    src/plugin.ts:55:33:
[37m      55 │ const __filename = fileURLToPath([32mimport.meta[37m.url);
         ╵                                  [32m~~~~~~~~~~~[0m

  You need to set the output format to "esm" for "import.meta" to work correctly.




 WARN  [33m▲ [43;33m[[43;30mWARNING[43;33m][0m [1m"import.meta" is not available with the "cjs" output format and will be empty[0m [empty-import-meta]

    src/stubs.ts:31:33:
[37m      31 │ const __filename = fileURLToPath([32mimport.meta[37m.url);
         ╵                                  [32m~~~~~~~~~~~[0m

  You need to set the output format to "esm" for "import.meta" to work correctly.



ESM dist/index.js              4.51 KB
ESM dist/chunk-ABQSV5TY.js     78.56 KB
ESM dist/plugin.js             7.41 KB
ESM dist/index.js.map          8.91 KB
ESM dist/plugin.js.map         15.67 KB
ESM dist/chunk-ABQSV5TY.js.map 151.05 KB
ESM ⚡️ Build success in 69ms
CJS dist/index.cjs      85.28 KB
CJS dist/plugin.cjs     86.91 KB
CJS dist/index.cjs.map  161.62 KB
CJS dist/plugin.cjs.map 166.51 KB
CJS ⚡️ Build success in 70ms
DTS Build start
DTS ⚡️ Build success in 1083ms
DTS dist/index.d.ts   16.81 KB
DTS dist/plugin.d.ts  3.08 KB
DTS dist/index.d.cts  16.81 KB
DTS dist/plugin.d.cts 3.08 KB
